<?xml version="1.0" encoding="UTF-8"?>
<testsuite name="NodeTest" tests="3" skipped="0" failures="0" errors="0" timestamp="2016-08-20T05:11:29" hostname="Ashwins-MacBook-Pro-2.local" time="0.002">
  <properties/>
  <testcase name="newWithOneArg" classname="NodeTest" time="0.001"/>
  <testcase name="newWithTwoArgs" classname="NodeTest" time="0.0"/>
  <testcase name="newWithThreeArgs" classname="NodeTest" time="0.0"/>
  <system-out><![CDATA[]]></system-out>
  <system-err><![CDATA[]]></system-err>
</testsuite>
